1743634149134:github-activity --username <jscamposz>
1743634201851:-- username jscamposz
1743634209220:--username jscamposz
1743634226479:github-activity --username jscamposz
1743634269669:github-activity --username kamranahmedse
1743639281845:github-activity --username jscamposz
1743639333652:github-activity --username kamranahmedse
1743641522693:github-repository --username jscamposz
1743641697392:github-activity --username jscamposz
1743641706757:help
1743641852564:github-repository --username jscamposz
1743641950634:github-repository --username jscamposz
1743641963259:github-repository --username jscamposz
1743642510324:github-activity --username jscamposz
1743642576173:github
1743642642784:github-activity --username jscamposz
1743642720065:github-activity
1743642730355:github-activity --username
1743642743013:github-activity --username tony
1743642874626:github-activity --username jscamposz
1743647843563:github-user --username jscamposz
1743647869181:github-user --username midudev
1743648044698:GitHub User Activity
1743648044704:Use GitHub API to fetch user activity and display it in the terminal.
1743648044709:Start building, submit solution and get feedback from the community.
1743648044712:Start Working
1743648044713:2
1743648044715:Submit Solution
1743648044716:5 upvotes
1743648044718:10 upvotes
1743648044730:In this project, you will build a simple command line interface (CLI) to fetch the recent activity of a GitHub user and display it in the terminal. This project will help you practice your programming skills, including working with APIs, handling JSON data, and building a simple CLI application.
1743648044733:Requirements
1743648044741:The application should run from the command line, accept the GitHub username as an argument, fetch the user’s recent activity using the GitHub API, and display it in the terminal. The user should be able to:
1743648044745:Provide the GitHub username as an argument when running the CLI.
1743648044747:github-activity <username>
1743648045052:Fetch the recent activity of the specified GitHub user using the GitHub API. You can use the following endpoint to fetch the user’s activity:
1743648045056:# https://api.github.com/users/<username>/events
1743648045060:# Example: https://api.github.com/users/kamranahmedse/events
1743648045063:Display the fetched activity in the terminal.
1743648045064:Output:
1743648045066:- Pushed 3 commits to kamranahmedse/developer-roadmap
1743648045068:- Opened a new issue in kamranahmedse/developer-roadmap
1743648045069:- Starred kamranahmedse/developer-roadmap
1743648045070:- ...
1743648045071:You can learn more about the GitHub API here.
1743648045073:Handle errors gracefully, such as invalid usernames or API failures.
1743648045080:Use a programming language of your choice to build this project.
1743648045083:Do not use any external libraries or frameworks to fetch the GitHub activity.
1743648068721:If you are looking to build a more advanced version of this project, you can consider adding features like filtering the activity by event type, displaying the activity in a more structured format, or caching the fetched data to improve performance. You can also explore other endpoints of the GitHub API to fetch additional information about the user or their repositories.github-user --username midudevXD
1743648078778:github-user --username midudevxx
1743648422488:github-activity --username xddddd
1743648453090:github-user --username xddddd
1743648474293:github-user --username jscamposxxxxxxx
1743648483326:github-user --username ola
1743648496359:github-user --username tuputamadre
1743648510722:github-user --username jscamposz
1743648684947:github-activity --username jscamposz
